-------------------------------------------------------------------------------
Test set: com.mable.banking.service.TransferProcessorTest$SuccessfulProcessing
-------------------------------------------------------------------------------
Tests run: 4, Failures: 0, Errors: 3, Skipped: 0, Time elapsed: 0.006 s <<< FAILURE! -- in com.mable.banking.service.TransferProcessorTest$SuccessfulProcessing
com.mable.banking.service.TransferProcessorTest$SuccessfulProcessing.multipleTransfers -- Time elapsed: 0 s <<< ERROR!
java.lang.NullPointerException: Cannot invoke "com.mable.banking.service.AccountService.hasSufficientBalance(com.mable.banking.domain.Account, java.math.BigDecimal)" because "this.accountService" is null
	at com.mable.banking.service.TransferProcessor.resolveStatus(TransferProcessor.java:56)
	at com.mable.banking.service.TransferProcessor.process(TransferProcessor.java:32)
	at com.mable.banking.service.TransferProcessorTest$SuccessfulProcessing.multipleTransfers(TransferProcessorTest.java:62)
	at java.base/java.lang.reflect.Method.invoke(Method.java:578)
	at java.base/java.util.ArrayList.forEach(ArrayList.java:1511)
	at java.base/java.util.ArrayList.forEach(ArrayList.java:1511)
	at java.base/java.util.ArrayList.forEach(ArrayList.java:1511)

com.mable.banking.service.TransferProcessorTest$SuccessfulProcessing.singleTransfer -- Time elapsed: 0 s <<< ERROR!
java.lang.NullPointerException: Cannot invoke "com.mable.banking.service.AccountService.hasSufficientBalance(com.mable.banking.domain.Account, java.math.BigDecimal)" because "this.accountService" is null
	at com.mable.banking.service.TransferProcessor.resolveStatus(TransferProcessor.java:56)
	at com.mable.banking.service.TransferProcessor.process(TransferProcessor.java:32)
	at com.mable.banking.service.TransferProcessorTest$SuccessfulProcessing.singleTransfer(TransferProcessorTest.java:51)
	at java.base/java.lang.reflect.Method.invoke(Method.java:578)
	at java.base/java.util.ArrayList.forEach(ArrayList.java:1511)
	at java.base/java.util.ArrayList.forEach(ArrayList.java:1511)
	at java.base/java.util.ArrayList.forEach(ArrayList.java:1511)

com.mable.banking.service.TransferProcessorTest$SuccessfulProcessing.doesNotMutateInput -- Time elapsed: 0.001 s <<< ERROR!
java.lang.NullPointerException: Cannot invoke "com.mable.banking.service.AccountService.hasSufficientBalance(com.mable.banking.domain.Account, java.math.BigDecimal)" because "this.accountService" is null
	at com.mable.banking.service.TransferProcessor.resolveStatus(TransferProcessor.java:56)
	at com.mable.banking.service.TransferProcessor.process(TransferProcessor.java:32)
	at com.mable.banking.service.TransferProcessorTest$SuccessfulProcessing.doesNotMutateInput(TransferProcessorTest.java:82)
	at java.base/java.lang.reflect.Method.invoke(Method.java:578)
	at java.base/java.util.ArrayList.forEach(ArrayList.java:1511)
	at java.base/java.util.ArrayList.forEach(ArrayList.java:1511)
	at java.base/java.util.ArrayList.forEach(ArrayList.java:1511)

